<?xml version="1.0" encoding="UTF-8"?>
<!-- Generated by org.testng.reporters.JUnitReportReporter -->
<testsuite skipped="0" hostname="LAPTOP-TSJUPG76" name="APIautomation.PostTest" tests="1" failures="0" timestamp="2021-03-08T16:00:48 IST" time="5.910" errors="0">
  <testcase name="post" time="5.910" classname="APIautomation.PostTest"/>
  <system-out/>
</testsuite> <!-- APIautomation.PostTest -->
