<?xml version="1.0" encoding="UTF-8"?>
<!-- Generated by org.testng.reporters.JUnitReportReporter -->
<testsuite skipped="0" hostname="LAPTOP-TSJUPG76" name="APIautomation.GetTest" tests="1" failures="0" timestamp="2021-03-08T18:30:10 IST" time="7.092" errors="0">
  <testcase name="get" time="7.092" classname="APIautomation.GetTest"/>
  <system-out/>
</testsuite> <!-- APIautomation.GetTest -->
