<?xml version="1.0" encoding="UTF-8"?>
<!-- Generated by org.testng.reporters.JUnitReportReporter -->
<testsuite skipped="0" hostname="LAPTOP-TSJUPG76" name="APIautomation.PutTest" tests="1" failures="0" timestamp="2021-03-08T16:01:09 IST" time="5.026" errors="0">
  <testcase name="post" time="5.026" classname="APIautomation.PutTest"/>
  <system-out/>
</testsuite> <!-- APIautomation.PutTest -->
