<?xml version="1.0" encoding="UTF-8"?>
<!-- Generated by org.testng.reporters.JUnitReportReporter -->
<testsuite skipped="0" hostname="LAPTOP-TSJUPG76" name="APIautomation.GetTest" tests="1" failures="0" timestamp="2021-03-08T17:54:00 IST" time="6.957" errors="0">
  <testcase name="get" time="6.957" classname="APIautomation.GetTest"/>
  <system-out/>
</testsuite> <!-- APIautomation.GetTest -->
