<?xml version="1.0" encoding="UTF-8"?>
<!-- Generated by org.testng.reporters.JUnitReportReporter -->
<testsuite skipped="0" hostname="LAPTOP-TSJUPG76" name="APIautomation.DeleteTest" tests="1" failures="0" timestamp="2021-03-08T16:01:22 IST" time="4.861" errors="0">
  <testcase name="delete" time="4.861" classname="APIautomation.DeleteTest"/>
  <system-out/>
</testsuite> <!-- APIautomation.DeleteTest -->
