<?xml version="1.0" encoding="UTF-8"?>
<!-- Generated by org.testng.reporters.JUnitReportReporter -->
<testsuite skipped="0" hostname="LAPTOP-TSJUPG76" name="LocalTest.LocalTestPatch" tests="1" failures="0" timestamp="2021-03-03T14:57:10 IST" time="2.528" errors="0">
  <testcase name="patch" time="2.528" classname="LocalTest.LocalTestPatch"/>
  <system-out/>
</testsuite> <!-- LocalTest.LocalTestPatch -->
