<?xml version="1.0" encoding="UTF-8"?>
<!-- Generated by org.testng.reporters.JUnitReportReporter -->
<testsuite skipped="0" hostname="LAPTOP-TSJUPG76" name="LocalTest.LocalTestPut" tests="1" failures="0" timestamp="2021-03-03T14:53:12 IST" time="2.792" errors="0">
  <testcase name="put" time="2.792" classname="LocalTest.LocalTestPut"/>
  <system-out/>
</testsuite> <!-- LocalTest.LocalTestPut -->
