<?xml version="1.0" encoding="UTF-8"?>
<!-- Generated by org.testng.reporters.JUnitReportReporter -->
<testsuite skipped="0" hostname="LAPTOP-TSJUPG76" name="demos.TestEx1" tests="1" failures="0" timestamp="2021-03-03T15:43:37 IST" time="5.292" errors="0">
  <testcase name="getEx" time="5.292" classname="demos.TestEx1"/>
  <system-out/>
</testsuite> <!-- demos.TestEx1 -->
