<?xml version="1.0" encoding="UTF-8"?>
<!-- Generated by org.testng.reporters.JUnitReportReporter -->
<testsuite skipped="0" hostname="LAPTOP-TSJUPG76" name="demos.DeleteEx" tests="1" failures="0" timestamp="2021-03-03T12:05:50 IST" time="5.825" errors="0">
  <testcase name="testDel" time="5.825" classname="demos.DeleteEx"/>
  <system-out/>
</testsuite> <!-- demos.DeleteEx -->
