<?xml version="1.0" encoding="UTF-8"?>
<!-- Generated by org.testng.reporters.JUnitReportReporter -->
<testsuite skipped="0" hostname="LAPTOP-TSJUPG76" name="LocalTest.LocalTestGet" tests="1" failures="0" timestamp="2021-03-03T14:24:57 IST" time="2.405" errors="0">
  <testcase name="get" time="2.405" classname="LocalTest.LocalTestGet"/>
  <system-out/>
</testsuite> <!-- LocalTest.LocalTestGet -->
