<?xml version="1.0" encoding="UTF-8"?>
<!-- Generated by org.testng.reporters.JUnitReportReporter -->
<testsuite skipped="0" hostname="LAPTOP-TSJUPG76" name="demos.TestEx2" tests="1" failures="0" timestamp="2021-03-03T15:44:03 IST" time="5.866" errors="0">
  <testcase name="getEx2" time="5.866" classname="demos.TestEx2"/>
  <system-out/>
</testsuite> <!-- demos.TestEx2 -->
