<?xml version="1.0" encoding="UTF-8"?>
<!-- Generated by org.testng.reporters.JUnitReportReporter -->
<testsuite skipped="0" hostname="LAPTOP-TSJUPG76" name="demos.TestEx4" tests="1" failures="0" timestamp="2021-03-02T22:07:25 IST" time="4.220" errors="0">
  <testcase name="postEx" time="4.220" classname="demos.TestEx4"/>
  <system-out/>
</testsuite> <!-- demos.TestEx4 -->
