<?xml version="1.0" encoding="UTF-8"?>
<!-- Generated by org.testng.reporters.JUnitReportReporter -->
<testsuite skipped="0" hostname="LAPTOP-TSJUPG76" name="demos.TestEx3" tests="1" failures="0" timestamp="2021-03-02T21:43:46 IST" time="5.292" errors="0">
  <testcase name="getEx3" time="5.292" classname="demos.TestEx3"/>
  <system-out/>
</testsuite> <!-- demos.TestEx3 -->
