<?xml version="1.0" encoding="UTF-8"?>
<!-- Generated by org.testng.reporters.JUnitReportReporter -->
<testsuite skipped="0" hostname="LAPTOP-TSJUPG76" name="demos.PutPatchEx" tests="1" failures="0" timestamp="2021-03-03T11:57:27 IST" time="4.159" errors="0">
  <testcase name="testPutPatch" time="4.159" classname="demos.PutPatchEx"/>
  <system-out/>
</testsuite> <!-- demos.PutPatchEx -->
