<?xml version="1.0" encoding="UTF-8"?>
<!-- Generated by org.testng.reporters.JUnitReportReporter -->
<testsuite skipped="0" hostname="LAPTOP-TSJUPG76" name="LocalTest.LocalTestDelete" tests="1" failures="0" timestamp="2021-03-03T15:02:33 IST" time="2.360" errors="0">
  <testcase name="delete" time="2.360" classname="LocalTest.LocalTestDelete"/>
  <system-out/>
</testsuite> <!-- LocalTest.LocalTestDelete -->
