<?xml version="1.0" encoding="UTF-8"?>
<!-- Generated by org.testng.reporters.JUnitReportReporter -->
<testsuite skipped="0" hostname="LAPTOP-TSJUPG76" name="LocalTest.LocalTestPost" tests="1" failures="0" timestamp="2021-03-03T14:42:14 IST" time="2.684" errors="0">
  <testcase name="post" time="2.684" classname="LocalTest.LocalTestPost"/>
  <system-out/>
</testsuite> <!-- LocalTest.LocalTestPost -->
